c:\users\jadur\source\repos\kadai_dx_shootinggame\debug\vc141.pdb
c:\users\jadur\source\repos\kadai_dx_shootinggame\debug\vc141.idb
c:\users\jadur\source\repos\kadai_dx_shootinggame\debug\texture.obj
c:\users\jadur\source\repos\kadai_dx_shootinggame\debug\system_timer.obj
c:\users\jadur\source\repos\kadai_dx_shootinggame\debug\sprite.obj
c:\users\jadur\source\repos\kadai_dx_shootinggame\debug\player.obj
c:\users\jadur\source\repos\kadai_dx_shootinggame\debug\d3dsystem.obj
c:\users\jadur\source\repos\kadai_dx_shootinggame\debug\main.obj
c:\users\jadur\source\repos\kadai_dx_shootinggame\debug\input.obj
c:\users\jadur\source\repos\kadai_dx_shootinggame\debug\gamemaster.obj
c:\users\jadur\source\repos\kadai_dx_shootinggame\debug\game.obj
c:\users\jadur\source\repos\kadai_dx_shootinggame\debug\enemyspawner.obj
c:\users\jadur\source\repos\kadai_dx_shootinggame\debug\enemy.obj
c:\users\jadur\source\repos\kadai_dx_shootinggame\debug\debug_font.obj
c:\users\jadur\source\repos\kadai_dx_shootinggame\debug\bullet.obj
c:\users\jadur\source\repos\kadai_dx_shootinggame\debug\effect.obj
c:\users\jadur\source\repos\kadai_dx_shootinggame\debug\score.obj
c:\users\jadur\source\repos\kadai_dx_shootinggame\debug\sound.obj
c:\users\jadur\source\repos\kadai_dx_shootinggame\debug\debug.obj
c:\users\jadur\source\repos\kadai_dx_shootinggame\debug\frontground.obj
c:\users\jadur\source\repos\kadai_dx_shootinggame\debug\background.obj
c:\users\jadur\source\repos\kadai_dx_shootinggame\debug\phasemaneger.obj
c:\users\jadur\source\repos\kadai_dx_shootinggame\debug\fade.obj
c:\users\jadur\source\repos\kadai_dx_shootinggame\debug\particle.obj
c:\users\jadur\source\repos\kadai_dx_shootinggame\debug\title.obj
c:\users\jadur\source\repos\kadai_dx_shootinggame\debug\scenemaneger.obj
c:\users\jadur\source\repos\kadai_dx_shootinggame\debug\highscore.obj
c:\users\jadur\source\repos\kadai_dx_shootinggame\debug\shootinggame.exe
c:\users\jadur\source\repos\kadai_dx_shootinggame\debug\shootinggame.ilk
c:\users\jadur\source\repos\kadai_dx_shootinggame\debug\shootinggame.pdb
c:\users\jadur\source\repos\kadai_dx_shootinggame\debug\effect.obj.enc
c:\users\jadur\source\repos\kadai_dx_shootinggame\debug\shootinggame.tlog\cl.command.1.tlog
c:\users\jadur\source\repos\kadai_dx_shootinggame\debug\shootinggame.tlog\cl.read.1.tlog
c:\users\jadur\source\repos\kadai_dx_shootinggame\debug\shootinggame.tlog\cl.write.1.tlog
c:\users\jadur\source\repos\kadai_dx_shootinggame\debug\shootinggame.tlog\link.command.1.tlog
c:\users\jadur\source\repos\kadai_dx_shootinggame\debug\shootinggame.tlog\link.read.1.tlog
c:\users\jadur\source\repos\kadai_dx_shootinggame\debug\shootinggame.tlog\link.write.1.tlog
