c:\users\jadur\source\repos\windowsapi templete\debug\vc141.pdb
c:\users\jadur\source\repos\windowsapi templete\debug\vc141.idb
c:\users\jadur\source\repos\windowsapi templete\debug\system.obj
c:\users\jadur\source\repos\windowsapi templete\debug\main.obj
c:\users\jadur\source\repos\windowsapi templete\debug\draw.obj
c:\users\jadur\source\repos\windowsapi templete\debug\update.obj
c:\users\jadur\source\repos\windowsapi templete\debug\d3dsystem.obj
c:\users\jadur\source\repos\windowsapi templete\debug\texture.obj
c:\users\jadur\source\repos\windowsapi templete\debug\sprite.obj
c:\users\jadur\source\repos\windowsapi templete\debug\windowsapi template.exe
c:\users\jadur\source\repos\windowsapi templete\debug\windowsapi template.ilk
c:\users\jadur\source\repos\windowsapi templete\debug\windowsapi template.pdb
c:\users\jadur\source\repos\windowsapi templete\debug\project1.ilk
c:\users\jadur\source\repos\windowsapi templete\debug\project1.pdb
c:\users\jadur\source\repos\windowsapi templete\debug\windowsa.a0e5d549.tlog\cl.command.1.tlog
c:\users\jadur\source\repos\windowsapi templete\debug\windowsa.a0e5d549.tlog\cl.read.1.tlog
c:\users\jadur\source\repos\windowsapi templete\debug\windowsa.a0e5d549.tlog\cl.write.1.tlog
c:\users\jadur\source\repos\windowsapi templete\debug\windowsa.a0e5d549.tlog\link.command.1.tlog
c:\users\jadur\source\repos\windowsapi templete\debug\windowsa.a0e5d549.tlog\link.read.1.tlog
c:\users\jadur\source\repos\windowsapi templete\debug\windowsa.a0e5d549.tlog\link.write.1.tlog
