c:\users\jadur\source\repos\kadai_dx_shootinggame\release\vc141.pdb
c:\users\jadur\source\repos\kadai_dx_shootinggame\release\texture.obj
c:\users\jadur\source\repos\kadai_dx_shootinggame\release\system_timer.obj
c:\users\jadur\source\repos\kadai_dx_shootinggame\release\sprite.obj
c:\users\jadur\source\repos\kadai_dx_shootinggame\release\debug.obj
c:\users\jadur\source\repos\kadai_dx_shootinggame\release\sound.obj
c:\users\jadur\source\repos\kadai_dx_shootinggame\release\score.obj
c:\users\jadur\source\repos\kadai_dx_shootinggame\release\player.obj
c:\users\jadur\source\repos\kadai_dx_shootinggame\release\d3dsystem.obj
c:\users\jadur\source\repos\kadai_dx_shootinggame\release\main.obj
c:\users\jadur\source\repos\kadai_dx_shootinggame\release\input.obj
c:\users\jadur\source\repos\kadai_dx_shootinggame\release\gamemaster.obj
c:\users\jadur\source\repos\kadai_dx_shootinggame\release\game.obj
c:\users\jadur\source\repos\kadai_dx_shootinggame\release\phasemaneger.obj
c:\users\jadur\source\repos\kadai_dx_shootinggame\release\fade.obj
c:\users\jadur\source\repos\kadai_dx_shootinggame\release\enemyspawner.obj
c:\users\jadur\source\repos\kadai_dx_shootinggame\release\enemy.obj
c:\users\jadur\source\repos\kadai_dx_shootinggame\release\effect.obj
c:\users\jadur\source\repos\kadai_dx_shootinggame\release\debug_font.obj
c:\users\jadur\source\repos\kadai_dx_shootinggame\release\bullet.obj
c:\users\jadur\source\repos\kadai_dx_shootinggame\release\background.obj
c:\users\jadur\source\repos\kadai_dx_shootinggame\release\shootinggame.exe
c:\users\jadur\source\repos\kadai_dx_shootinggame\release\shootinggame.pdb
c:\users\jadur\source\repos\kadai_dx_shootinggame\release\shootinggame.ipdb
c:\users\jadur\source\repos\kadai_dx_shootinggame\release\shootinggame.iobj
c:\users\jadur\source\repos\kadai_dx_shootinggame\release\shootinggame.tlog\cl.command.1.tlog
c:\users\jadur\source\repos\kadai_dx_shootinggame\release\shootinggame.tlog\cl.read.1.tlog
c:\users\jadur\source\repos\kadai_dx_shootinggame\release\shootinggame.tlog\cl.write.1.tlog
c:\users\jadur\source\repos\kadai_dx_shootinggame\release\shootinggame.tlog\link.command.1.tlog
c:\users\jadur\source\repos\kadai_dx_shootinggame\release\shootinggame.tlog\link.read.1.tlog
c:\users\jadur\source\repos\kadai_dx_shootinggame\release\shootinggame.tlog\link.write.1.tlog
c:\users\jadur\source\repos\kadai_dx_shootinggame\release\shootinggame.tlog\shootinggame.write.1u.tlog
